This is pdfTeX, Version 3.1415926-2.5-1.40.14 (TeX Live 2013) (format=pdflatex 2013.5.30)  1 SEP 2015 15:22
entering extended mode
 \write18 enabled.
 file:line:error style messages enabled.
 %&-line parsing enabled.
**/Users/lauravann/Desktop/Seagrass_sampling/TSWLatexianTemp_000137.tex
(/Users/lauravann/Desktop/Seagrass_sampling/TSWLatexianTemp_000137.tex
LaTeX2e <2011/06/27>
Babel <3.9f> and hyphenation patterns for 78 languages loaded.
(/usr/local/texlive/2013/texmf-dist/tex/latex/base/article.cls
Document Class: article 2007/10/19 v1.4h Standard LaTeX document class
(/usr/local/texlive/2013/texmf-dist/tex/latex/base/size10.clo
File: size10.clo 2007/10/19 v1.4h Standard LaTeX file (size option)
)
\c@part=\count79
\c@section=\count80
\c@subsection=\count81
\c@subsubsection=\count82
\c@paragraph=\count83
\c@subparagraph=\count84
\c@figure=\count85
\c@table=\count86
\abovecaptionskip=\skip41
\belowcaptionskip=\skip42
\bibindent=\dimen102
) (/usr/local/texlive/2013/texmf-dist/tex/latex/geometry/geometry.sty
Package: geometry 2010/09/12 v5.6 Page Geometry
 (/usr/local/texlive/2013/texmf-dist/tex/latex/graphics/keyval.sty
Package: keyval 1999/03/16 v1.13 key=value parser (DPC)
\KV@toks@=\toks14
) (/usr/local/texlive/2013/texmf-dist/tex/generic/oberdiek/ifpdf.sty
Package: ifpdf 2011/01/30 v2.3 Provides the ifpdf switch (HO)
Package ifpdf Info: pdfTeX in PDF mode is detected.
) (/usr/local/texlive/2013/texmf-dist/tex/generic/oberdiek/ifvtex.sty
Package: ifvtex 2010/03/01 v1.5 Detect VTeX and its facilities (HO)
Package ifvtex Info: VTeX not detected.
) (/usr/local/texlive/2013/texmf-dist/tex/generic/ifxetex/ifxetex.sty
Package: ifxetex 2010/09/12 v0.6 Provides ifxetex conditional
)
\Gm@cnth=\count87
\Gm@cntv=\count88
\c@Gm@tempcnt=\count89
\Gm@bindingoffset=\dimen103
\Gm@wd@mp=\dimen104
\Gm@odd@mp=\dimen105
\Gm@even@mp=\dimen106
\Gm@layoutwidth=\dimen107
\Gm@layoutheight=\dimen108
\Gm@layouthoffset=\dimen109
\Gm@layoutvoffset=\dimen110
\Gm@dimlist=\toks15
) (/usr/local/texlive/2013/texmf-dist/tex/latex/hyperref/hyperref.sty
Package: hyperref 2012/11/06 v6.83m Hypertext links for LaTeX
 (/usr/local/texlive/2013/texmf-dist/tex/generic/oberdiek/hobsub-hyperref.sty
Package: hobsub-hyperref 2012/05/28 v1.13 Bundle oberdiek, subset hyperref (HO)
 (/usr/local/texlive/2013/texmf-dist/tex/generic/oberdiek/hobsub-generic.sty
Package: hobsub-generic 2012/05/28 v1.13 Bundle oberdiek, subset generic (HO)
Package: hobsub 2012/05/28 v1.13 Construct package bundles (HO)
Package: infwarerr 2010/04/08 v1.3 Providing info/warning/error messages (HO)
Package: ltxcmds 2011/11/09 v1.22 LaTeX kernel commands for general use (HO)
Package: ifluatex 2010/03/01 v1.3 Provides the ifluatex switch (HO)
Package ifluatex Info: LuaTeX not detected.
Package hobsub Info: Skipping package `ifvtex' (already loaded).
Package: intcalc 2007/09/27 v1.1 Expandable calculations with integers (HO)
Package hobsub Info: Skipping package `ifpdf' (already loaded).
Package: etexcmds 2011/02/16 v1.5 Avoid name clashes with e-TeX commands (HO)
Package etexcmds Info: Could not find \expanded.
(etexcmds)             That can mean that you are not using pdfTeX 1.50 or
(etexcmds)             that some package has redefined \expanded.
(etexcmds)             In the latter case, load this package earlier.
Package: kvsetkeys 2012/04/25 v1.16 Key value parser (HO)
Package: kvdefinekeys 2011/04/07 v1.3 Define keys (HO)
Package: pdftexcmds 2011/11/29 v0.20 Utility functions of pdfTeX for LuaTeX (HO)
Package pdftexcmds Info: LuaTeX not detected.
Package pdftexcmds Info: \pdf@primitive is available.
Package pdftexcmds Info: \pdf@ifprimitive is available.
Package pdftexcmds Info: \pdfdraftmode found.
Package: pdfescape 2011/11/25 v1.13 Implements pdfTeX's escape features (HO)
Package: bigintcalc 2012/04/08 v1.3 Expandable calculations on big integers (HO)
Package: bitset 2011/01/30 v1.1 Handle bit-vector datatype (HO)
Package: uniquecounter 2011/01/30 v1.2 Provide unlimited unique counter (HO)
)
Package hobsub Info: Skipping package `hobsub' (already loaded).
Package: letltxmacro 2010/09/02 v1.4 Let assignment for LaTeX macros (HO)
Package: hopatch 2012/05/28 v1.2 Wrapper for package hooks (HO)
Package: xcolor-patch 2011/01/30 xcolor patch
Package: atveryend 2011/06/30 v1.8 Hooks at the very end of document (HO)
Package atveryend Info: \enddocument detected (standard20110627).
Package: atbegshi 2011/10/05 v1.16 At begin shipout hook (HO)
Package: refcount 2011/10/16 v3.4 Data extraction from label references (HO)
Package: hycolor 2011/01/30 v1.7 Color options for hyperref/bookmark (HO)
) (/usr/local/texlive/2013/texmf-dist/tex/latex/oberdiek/auxhook.sty
Package: auxhook 2011/03/04 v1.3 Hooks for auxiliary files (HO)
) (/usr/local/texlive/2013/texmf-dist/tex/latex/oberdiek/kvoptions.sty
Package: kvoptions 2011/06/30 v3.11 Key value format for package options (HO)
)
\@linkdim=\dimen111
\Hy@linkcounter=\count90
\Hy@pagecounter=\count91
 (/usr/local/texlive/2013/texmf-dist/tex/latex/hyperref/pd1enc.def
File: pd1enc.def 2012/11/06 v6.83m Hyperref: PDFDocEncoding definition (HO)
)
\Hy@SavedSpaceFactor=\count92
 (/usr/local/texlive/2013/texmf-dist/tex/latex/latexconfig/hyperref.cfg
File: hyperref.cfg 2002/06/06 v1.2 hyperref configuration of TeXLive
)
Package hyperref Info: Hyper figures OFF on input line 4443.
Package hyperref Info: Link nesting OFF on input line 4448.
Package hyperref Info: Hyper index ON on input line 4451.
Package hyperref Info: Plain pages OFF on input line 4458.
Package hyperref Info: Backreferencing OFF on input line 4463.
Package hyperref Info: Implicit mode ON; LaTeX internals redefined.
Package hyperref Info: Bookmarks ON on input line 4688.
\c@Hy@tempcnt=\count93
 (/usr/local/texlive/2013/texmf-dist/tex/latex/url/url.sty
\Urlmuskip=\muskip10
Package: url 2006/04/12  ver 3.3  Verb mode for urls, etc.
)
LaTeX Info: Redefining \url on input line 5041.
\XeTeXLinkMargin=\dimen112
\Fld@menulength=\count94
\Field@Width=\dimen113
\Fld@charsize=\dimen114
Package hyperref Info: Hyper figures OFF on input line 6295.
Package hyperref Info: Link nesting OFF on input line 6300.
Package hyperref Info: Hyper index ON on input line 6303.
Package hyperref Info: backreferencing OFF on input line 6310.
Package hyperref Info: Link coloring OFF on input line 6315.
Package hyperref Info: Link coloring with OCG OFF on input line 6320.
Package hyperref Info: PDF/A mode OFF on input line 6325.
LaTeX Info: Redefining \ref on input line 6365.
LaTeX Info: Redefining \pageref on input line 6369.
\Hy@abspage=\count95
\c@Item=\count96
\c@Hfootnote=\count97
)

Package hyperref Message: Driver (autodetected): hpdftex.

(/usr/local/texlive/2013/texmf-dist/tex/latex/hyperref/hpdftex.def
File: hpdftex.def 2012/11/06 v6.83m Hyperref driver for pdfTeX
\Fld@listcount=\count98
\c@bookmark@seq@number=\count99
 (/usr/local/texlive/2013/texmf-dist/tex/latex/oberdiek/rerunfilecheck.sty
Package: rerunfilecheck 2011/04/15 v1.7 Rerun checks for auxiliary files (HO)
Package uniquecounter Info: New unique counter `rerunfilecheck' on input line 282.
)
\Hy@SectionHShift=\skip43
) (/usr/local/texlive/2013/texmf-dist/tex/latex/graphics/graphicx.sty
Package: graphicx 1999/02/16 v1.0f Enhanced LaTeX Graphics (DPC,SPQR)
 (/usr/local/texlive/2013/texmf-dist/tex/latex/graphics/graphics.sty
Package: graphics 2009/02/05 v1.0o Standard LaTeX Graphics (DPC,SPQR)
 (/usr/local/texlive/2013/texmf-dist/tex/latex/graphics/trig.sty
Package: trig 1999/03/16 v1.09 sin cos tan (DPC)
) (/usr/local/texlive/2013/texmf-dist/tex/latex/latexconfig/graphics.cfg
File: graphics.cfg 2010/04/23 v1.9 graphics configuration of TeX Live
)
Package graphics Info: Driver file: pdftex.def on input line 91.
 (/usr/local/texlive/2013/texmf-dist/tex/latex/pdftex-def/pdftex.def
File: pdftex.def 2011/05/27 v0.06d Graphics/color for pdfTeX
\Gread@gobject=\count100
))
\Gin@req@height=\dimen115
\Gin@req@width=\dimen116
) (/usr/local/texlive/2013/texmf-dist/tex/latex/sidecap/sidecap.sty
Package: sidecap 2003/06/06 v1.6f SideCap Package (RN/HjG)
 (/usr/local/texlive/2013/texmf-dist/tex/latex/base/ifthen.sty
Package: ifthen 2001/05/26 v1.1c Standard LaTeX ifthen package (DPC)
)
\SC@BOXWD=\dimen117
\SC@CAPWD=\dimen118
\SC@tempdima=\dimen119
\SC@tempdimb=\dimen120
\c@SC@C=\count101
\SC@BOX=\box26
) (/usr/local/texlive/2013/texmf-dist/tex/latex/caption/caption.sty
Package: caption 2013/05/02 v3.3-89 Customizing captions (AR)
 (/usr/local/texlive/2013/texmf-dist/tex/latex/caption/caption3.sty
Package: caption3 2013/05/02 v1.6-88 caption3 kernel (AR)
Package caption3 Info: TeX engine: e-TeX on input line 57.
\captionmargin=\dimen121
\captionmargin@=\dimen122
\captionwidth=\dimen123
\caption@tempdima=\dimen124
\caption@indent=\dimen125
\caption@parindent=\dimen126
\caption@hangindent=\dimen127
)
\c@ContinuedFloat=\count102
Package caption Info: hyperref package is loaded.
Package caption Info: sidecap package is loaded.
) (/usr/local/texlive/2013/texmf-dist/tex/latex/lipsum/lipsum.sty
Package: lipsum 2011/04/14 v1.2 150 paragraphs of Lorem Ipsum dummy text
\c@lips@count=\count103
) (/usr/local/texlive/2013/texmf-dist/tex/latex/tools/indentfirst.sty
Package: indentfirst 1995/11/23 v1.03 Indent first paragraph (DPC)
) (/usr/local/texlive/2013/texmf-dist/tex/latex/graphics/color.sty
Package: color 2005/11/14 v1.0j Standard LaTeX Color (DPC)
 (/usr/local/texlive/2013/texmf-dist/tex/latex/latexconfig/color.cfg
File: color.cfg 2007/01/18 v1.5 color configuration of teTeX/TeXLive
)
Package color Info: Driver file: pdftex.def on input line 130.
) (/usr/local/texlive/2013/texmf-dist/tex/latex/multirow/multirow.sty
\bigstrutjot=\dimen128
) (/usr/local/texlive/2013/texmf-dist/tex/latex/ms/ragged2e.sty
Package: ragged2e 2009/05/21 v2.1 ragged2e Package (MS)
 (/usr/local/texlive/2013/texmf-dist/tex/latex/ms/everysel.sty
Package: everysel 2011/10/28 v1.2 EverySelectfont Package (MS)
) (/usr/local/texlive/2013/texmf-dist/tex/latex/footmisc/footmisc.sty
Package: footmisc 2011/06/06 v5.5b a miscellany of footnote facilities
\FN@temptoken=\toks16
\footnotemargin=\dimen129
\c@pp@next@reset=\count104
Package footmisc Info: Declaring symbol style bringhurst on input line 855.
Package footmisc Info: Declaring symbol style chicago on input line 863.
Package footmisc Info: Declaring symbol style wiley on input line 872.
Package footmisc Info: Declaring symbol style lamport-robust on input line 883.
Package footmisc Info: Declaring symbol style lamport* on input line 903.
Package footmisc Info: Declaring symbol style lamport*-robust on input line 924.
)
\CenteringLeftskip=\skip44
\RaggedLeftLeftskip=\skip45
\RaggedRightLeftskip=\skip46
\CenteringRightskip=\skip47
\RaggedLeftRightskip=\skip48
\RaggedRightRightskip=\skip49
\CenteringParfillskip=\skip50
\RaggedLeftParfillskip=\skip51
\RaggedRightParfillskip=\skip52
\JustifyingParfillskip=\skip53
\CenteringParindent=\skip54
\RaggedLeftParindent=\skip55
\RaggedRightParindent=\skip56
\JustifyingParindent=\skip57
)
No file TSWLatexianTemp_000137.aux.
\openout1 = `TSWLatexianTemp_000137.aux'.

LaTeX Font Info:    Checking defaults for OML/cmm/m/it on input line 14.
LaTeX Font Info:    ... okay on input line 14.
LaTeX Font Info:    Checking defaults for T1/cmr/m/n on input line 14.
LaTeX Font Info:    ... okay on input line 14.
LaTeX Font Info:    Checking defaults for OT1/cmr/m/n on input line 14.
LaTeX Font Info:    ... okay on input line 14.
LaTeX Font Info:    Checking defaults for OMS/cmsy/m/n on input line 14.
LaTeX Font Info:    ... okay on input line 14.
LaTeX Font Info:    Checking defaults for OMX/cmex/m/n on input line 14.
LaTeX Font Info:    ... okay on input line 14.
LaTeX Font Info:    Checking defaults for U/cmr/m/n on input line 14.
LaTeX Font Info:    ... okay on input line 14.
LaTeX Font Info:    Checking defaults for PD1/pdf/m/n on input line 14.
LaTeX Font Info:    ... okay on input line 14.
*geometry* driver: auto-detecting
*geometry* detected driver: pdftex
*geometry* verbose mode - [ preamble ] result:
* driver: pdftex
* paper: letterpaper
* layout: <same size as paper>
* layoutoffset:(h,v)=(0.0pt,0.0pt)
* modes: 
* h-part:(L,W,R)=(72.26999pt, 469.75502pt, 72.26999pt)
* v-part:(T,H,B)=(72.26999pt, 650.43001pt, 72.26999pt)
* \paperwidth=614.295pt
* \paperheight=794.96999pt
* \textwidth=469.75502pt
* \textheight=650.43001pt
* \oddsidemargin=0.0pt
* \evensidemargin=0.0pt
* \topmargin=-37.0pt
* \headheight=12.0pt
* \headsep=25.0pt
* \topskip=10.0pt
* \footskip=30.0pt
* \marginparwidth=65.0pt
* \marginparsep=11.0pt
* \columnsep=10.0pt
* \skip\footins=9.0pt plus 4.0pt minus 2.0pt
* \hoffset=0.0pt
* \voffset=0.0pt
* \mag=1000
* \@twocolumnfalse
* \@twosidefalse
* \@mparswitchfalse
* \@reversemarginfalse
* (1in=72.27pt=25.4mm, 1cm=28.453pt)

\AtBeginShipoutBox=\box27
Package hyperref Info: Link coloring OFF on input line 14.
(/usr/local/texlive/2013/texmf-dist/tex/latex/hyperref/nameref.sty
Package: nameref 2012/10/27 v2.43 Cross-referencing by name of section
 (/usr/local/texlive/2013/texmf-dist/tex/generic/oberdiek/gettitlestring.sty
Package: gettitlestring 2010/12/03 v1.4 Cleanup title references (HO)
)
\c@section@level=\count105
)
LaTeX Info: Redefining \ref on input line 14.
LaTeX Info: Redefining \pageref on input line 14.
LaTeX Info: Redefining \nameref on input line 14.
\@outlinefile=\write3
\openout3 = `TSWLatexianTemp_000137.out'.

 (/usr/local/texlive/2013/texmf-dist/tex/context/base/supp-pdf.mkii
[Loading MPS to PDF converter (version 2006.09.02).]
\scratchcounter=\count106
\scratchdimen=\dimen130
\scratchbox=\box28
\nofMPsegments=\count107
\nofMParguments=\count108
\everyMPshowfont=\toks17
\MPscratchCnt=\count109
\MPscratchDim=\dimen131
\MPnumerator=\count110
\makeMPintoPDFobject=\count111
\everyMPtoPDFconversion=\toks18
) (/usr/local/texlive/2013/texmf-dist/tex/latex/oberdiek/epstopdf-base.sty
Package: epstopdf-base 2010/02/09 v2.5 Base part for package epstopdf
 (/usr/local/texlive/2013/texmf-dist/tex/latex/oberdiek/grfext.sty
Package: grfext 2010/08/19 v1.1 Manage graphics extensions (HO)
)
Package grfext Info: Graphics extension search list:
(grfext)             [.png,.pdf,.jpg,.mps,.jpeg,.jbig2,.jb2,.PNG,.PDF,.JPG,.JPEG,.JBIG2,.JB2,.eps]
(grfext)             \AppendGraphicsExtensions on input line 452.
 (/usr/local/texlive/2013/texmf-dist/tex/latex/latexconfig/epstopdf-sys.cfg
File: epstopdf-sys.cfg 2010/07/13 v1.3 Configuration of (r)epstopdf for TeX Live
))
Package caption Info: Begin \AtBeginDocument code.
Package caption Info: End \AtBeginDocument code.
Package ragged2e Info: ABD: executing \RaggedRight on input line 14.
 ABD: EverySelectfont initializing macros
LaTeX Info: Redefining \selectfont on input line 14.
 <Triglochin01.jpg, id=4, 702.625pt x 702.625pt>
File: Triglochin01.jpg Graphic file (type jpg)
 <use Triglochin01.jpg>
Package pdftex.def Info: Triglochin01.jpg used on input line 23.
(pdftex.def)             Requested size: 227.62204pt x 227.62137pt.
LaTeX Font Info:    External font `cmex10' loaded for size
(Font)              <7> on input line 28.
LaTeX Font Info:    External font `cmex10' loaded for size
(Font)              <5> on input line 28.

Underfull \hbox (badness 10000) in paragraph at lines 28--28
[]\OT1/cmr/m/n/10 - In Berke-ley Ma-rina, Crissy Field North-ern wa-ter-
 []


Underfull \hbox (badness 10000) in paragraph at lines 28--28
[]\OT1/cmr/m/n/10 -Low zone of salt marsh, if high tide will be sub-
 []


Underfull \hbox (badness 10000) in paragraph at lines 28--28
[]\OT1/cmr/m/n/10 -Flower/seed stalks tall, round seeds along stalk;
 []

<Triglochin04.jpg, id=5, 465.74pt x 349.305pt>
File: Triglochin04.jpg Graphic file (type jpg)
 <use Triglochin04.jpg>
Package pdftex.def Info: Triglochin04.jpg used on input line 34.
(pdftex.def)             Requested size: 227.62204pt x 170.71323pt.

Underfull \hbox (badness 10000) in paragraph at lines 39--39
[]\OT1/cmr/m/n/10 - In Berke-ley Ma-rina, Crissy Field North-ern wa-ter-
 []


Underfull \hbox (badness 10000) in paragraph at lines 39--39
[]\OT1/cmr/m/n/10 - Low zone of salt marsh, if high tide will be sub-
 []


Underfull \hbox (badness 10000) in paragraph at lines 39--39
[]\OT1/cmr/m/n/10 - Flower/seed stalks tall, round seeds along stalk;
 []

<Triglochin03.jpg, id=6, 572.1375pt x 429.605pt>
File: Triglochin03.jpg Graphic file (type jpg)
 <use Triglochin03.jpg>
Package pdftex.def Info: Triglochin03.jpg used on input line 45.
(pdftex.def)             Requested size: 227.62204pt x 170.91466pt.

Underfull \hbox (badness 10000) in paragraph at lines 50--50
[]\OT1/cmr/m/n/10 - In Berke-ley Ma-rina, Crissy Field North-ern wa-ter-
 []


Underfull \hbox (badness 10000) in paragraph at lines 50--50
[]\OT1/cmr/m/n/10 - Low zone of salt marsh, if high tide will be sub-
 []


Underfull \hbox (badness 10000) in paragraph at lines 50--50
[]\OT1/cmr/m/n/10 - Flower/seed stalks tall, round seeds along stalk;
 []

<Ruppia04.jpg, id=7, 481.8pt x 361.35pt>
File: Ruppia04.jpg Graphic file (type jpg)
 <use Ruppia04.jpg>
Package pdftex.def Info: Ruppia04.jpg used on input line 56.
(pdftex.def)             Requested size: 227.62204pt x 170.71672pt.

Underfull \hbox (badness 10000) in paragraph at lines 58--58
[][]\OT1/cmr/m/n/10 . |\OT1/cmr/bx/n/10 Rup-pia mar-itima; wid-geon-grass,
 []


Underfull \hbox (badness 10000) in paragraph at lines 58--58
[]\OT1/cmr/m/n/10 - Thin thread-like leaves, shal-low roots, coiled in-flo-
 []


Underfull \hbox (badness 10000) in paragraph at lines 58--58
[]\OT1/cmr/m/n/10 - Long, nar-row, al-ter-nate leaves are less than 1 mm
 []


Underfull \hbox (badness 10000) in paragraph at lines 58--58
\OT1/cmr/m/n/10 wide. Stip-u-lar sheaths, less than 7 cm long, are
 []


Underfull \hbox (badness 10000) in paragraph at lines 58--58
\OT1/cmr/m/n/10 com-pletely fused to the leaf and of-ten broadly clasp
 []


Underfull \hbox (badness 10000) in paragraph at lines 58--58
[]\OT1/cmr/m/n/10 - Tiny flow-ers (3-5 mm across), lack petals and
 []


Underfull \hbox (badness 10000) in paragraph at lines 58--58
\OT1/cmr/m/n/10 sepals, and oc-cur in pairs on stalks. Pol-li-na-tion
 []


Underfull \hbox (badness 10000) in paragraph at lines 58--58
\OT1/cmr/m/n/10 of-ten oc-curs un-der-wa-ter or at the wa-ters sur-face.
 []


Underfull \hbox (badness 10000) in paragraph at lines 58--58
[]\OT1/cmr/m/n/10 - Fruits are dark col-ored, egg to pear-shaped, sym-
 []


Underfull \hbox (badness 10000) in paragraph at lines 58--58
\OT1/cmr/m/n/10 met-ri-cal to highly asym-met-ri-cal ach-ene is 1.5 to 2
 []


Underfull \hbox (badness 10000) in paragraph at lines 58--58
\OT1/cmr/m/n/10 mm long and oc-curs in a clus-ter. Each fruit is on
 []


Underfull \hbox (badness 10000) in paragraph at lines 58--58
\OT1/cmr/m/n/10 in-di-vid-ual stalks, but all are con-nected to a long
 []

<Ruppia02.jpg, id=8, 451.6875pt x 360.34625pt>
File: Ruppia02.jpg Graphic file (type jpg)
 <use Ruppia02.jpg>
Package pdftex.def Info: Ruppia02.jpg used on input line 64.
(pdftex.def)             Requested size: 227.62204pt x 181.59677pt.

Underfull \hbox (badness 10000) in paragraph at lines 66--66
[][]\OT1/cmr/m/n/10 . |\OT1/cmr/bx/n/10 Rup-pia mar-itima; wid-geon-grass,
 []


Underfull \hbox (badness 10000) in paragraph at lines 66--66
[]\OT1/cmr/m/n/10 - Thin thread-like leaves, shal-low roots, coiled in-flo-
 []


Underfull \hbox (badness 10000) in paragraph at lines 66--66
[]\OT1/cmr/m/n/10 - Long, nar-row, al-ter-nate leaves are less than 1 mm
 []


Underfull \hbox (badness 10000) in paragraph at lines 66--66
\OT1/cmr/m/n/10 wide. Stip-u-lar sheaths, less than 7 cm long, are
 []


Underfull \hbox (badness 10000) in paragraph at lines 66--66
\OT1/cmr/m/n/10 com-pletely fused to the leaf and of-ten broadly clasp
 []


Underfull \hbox (badness 10000) in paragraph at lines 66--66
[]\OT1/cmr/m/n/10 - Tiny flow-ers (3-5 mm across), lack petals and
 []


Underfull \hbox (badness 10000) in paragraph at lines 66--66
\OT1/cmr/m/n/10 sepals, and oc-cur in pairs on stalks. Pol-li-na-tion
 []


Underfull \hbox (badness 10000) in paragraph at lines 66--66
\OT1/cmr/m/n/10 of-ten oc-curs un-der-wa-ter or at the wa-ters sur-face.
 []


Underfull \hbox (badness 10000) in paragraph at lines 66--66
[]\OT1/cmr/m/n/10 - Fruits are dark col-ored, egg to pear-shaped, sym-
 []


Underfull \hbox (badness 10000) in paragraph at lines 66--66
\OT1/cmr/m/n/10 met-ri-cal to highly asym-met-ri-cal ach-ene is 1.5 to 2
 []


Underfull \hbox (badness 10000) in paragraph at lines 66--66
\OT1/cmr/m/n/10 mm long and oc-curs in a clus-ter. Each fruit is on
 []


Underfull \hbox (badness 10000) in paragraph at lines 66--66
\OT1/cmr/m/n/10 in-di-vid-ual stalks, but all are con-nected to a long
 []

<Alisma01.jpg, id=9, 722.7pt x 721.69624pt>
File: Alisma01.jpg Graphic file (type jpg)
 <use Alisma01.jpg>
Package pdftex.def Info: Alisma01.jpg used on input line 71.
(pdftex.def)             Requested size: 227.62204pt x 227.30247pt.

Underfull \hbox (badness 10000) in paragraph at lines 73--73
[]\OT1/cmr/m/n/10 - Fresh-wa-ter, marshes muddy shore-lines, ditches,
 []


Underfull \hbox (badness 10000) in paragraph at lines 73--73
[]\OT1/cmr/m/n/10 - Marin County, Mt. Tamal-pais, Bull-frog Road;
 []

<Alisma02.jpg, id=10, 734.745pt x 513.92pt>
File: Alisma02.jpg Graphic file (type jpg)
 <use Alisma02.jpg>
Package pdftex.def Info: Alisma02.jpg used on input line 79.
(pdftex.def)             Requested size: 227.62204pt x 159.21161pt.

Underfull \hbox (badness 10000) in paragraph at lines 81--81
[]\OT1/cmr/m/n/10 -Leaves grow-ing from base of plant; made up of one
 []

<Alisma03.jpg, id=11, 411.5375pt x 364.36125pt>
File: Alisma03.jpg Graphic file (type jpg)
 <use Alisma03.jpg>
Package pdftex.def Info: Alisma03.jpg used on input line 86.
(pdftex.def)             Requested size: 227.62204pt x 201.52792pt.

Underfull \hbox (badness 10000) in paragraph at lines 88--88
[]\OT1/cmr/m/n/10 -Leaves grow-ing from base of plant; made up of one
 []

<Echinodorus01.jpg, id=12, 642.4pt x 421.575pt>
File: Echinodorus01.jpg Graphic file (type jpg)
 <use Echinodorus01.jpg>
Package pdftex.def Info: Echinodorus01.jpg used on input line 93.
(pdftex.def)             Requested size: 227.62204pt x 149.3739pt.

Underfull \hbox (badness 10000) in paragraph at lines 95--95
[][]\OT1/cmr/m/n/10 . |\OT1/cmr/bx/n/10 Echin-odorus bert-eroi; Up-right bur-
 []


Underfull \hbox (badness 10000) in paragraph at lines 95--95
[]\OT1/cmr/m/n/10 - Fresh-wa-ter, can also be ter-res-trial; Stafford Lake,
 []


Underfull \hbox (badness 10000) in paragraph at lines 95--95
[]\OT1/cmr/m/n/10 - Leaves can be sub-merged or not, di-rectly off of
 []


Underfull \hbox (badness 10000) in paragraph at lines 95--95
\OT1/cmr/m/n/10 plant; 10-45 cm long x 0.5-4 cm wide; leaves can
 []


Underfull \hbox (badness 10000) in paragraph at lines 95--95
[]\OT1/cmr/m/n/10 - Up-right stem with com-pound in-flo-res-cence, white
 []


Underfull \hbox (badness 10000) in paragraph at lines 95--95
[]\OT1/cmr/m/n/10 - nut-lets are grey-brown with 2 winged ribs al-ter-
 []

<Echinodorus02.jpg, id=13, 903.375pt x 507.8975pt>
File: Echinodorus02.jpg Graphic file (type jpg)
 <use Echinodorus02.jpg>
Package pdftex.def Info: Echinodorus02.jpg used on input line 101.
(pdftex.def)             Requested size: 227.62204pt x 127.9738pt.

Underfull \hbox (badness 10000) in paragraph at lines 103--103
[][]\OT1/cmr/m/n/10 . |\OT1/cmr/bx/n/10 Echin-odorus bert-eroi; Up-right
 []


Underfull \hbox (badness 10000) in paragraph at lines 103--103
[]\OT1/cmr/m/n/10 - Fresh-wa-ter, can also be ter-res-trial; Stafford Lake,
 []


Underfull \hbox (badness 10000) in paragraph at lines 103--103
[]\OT1/cmr/m/n/10 - Leaves can be sub-merged or not, di-rectly off of
 []


Underfull \hbox (badness 10000) in paragraph at lines 103--103
\OT1/cmr/m/n/10 plant; 10-45 cm long x 0.5-4 cm wide; leaves can
 []


Underfull \hbox (badness 10000) in paragraph at lines 103--103
[]\OT1/cmr/m/n/10 - Up-right stem with com-pound in-flo-res-cence, white
 []


Underfull \hbox (badness 10000) in paragraph at lines 103--103
[]\OT1/cmr/m/n/10 - nut-lets are grey-brown with 2 winged ribs al-ter-
 []

<Echinodorus03.jpg, id=14, 595.22375pt x 451.6875pt>
File: Echinodorus03.jpg Graphic file (type jpg)
 <use Echinodorus03.jpg>
Package pdftex.def Info: Echinodorus03.jpg used on input line 108.
(pdftex.def)             Requested size: 227.62204pt x 172.732pt.

Underfull \hbox (badness 10000) in paragraph at lines 110--110
[][]\OT1/cmr/m/n/10 . |\OT1/cmr/bx/n/10 Echin-odorus bert-eroi; Up-right
 []


Underfull \hbox (badness 10000) in paragraph at lines 110--110
[]\OT1/cmr/m/n/10 - Fresh-wa-ter, can also be ter-res-trial; Stafford Lake,
 []


Underfull \hbox (badness 10000) in paragraph at lines 110--110
[]\OT1/cmr/m/n/10 - Leaves can be sub-merged or not, di-rectly off of
 []


Underfull \hbox (badness 10000) in paragraph at lines 110--110
\OT1/cmr/m/n/10 plant; 10-45 cm long x 0.5-4 cm wide; leaves can
 []


Underfull \hbox (badness 10000) in paragraph at lines 110--110
[]\OT1/cmr/m/n/10 - Up-right stem with com-pound in-flo-res-cence, white
 []


Underfull \hbox (badness 10000) in paragraph at lines 110--110
[]\OT1/cmr/m/n/10 - nut-lets are grey-brown with 2 winged ribs al-ter-
 []

<Potamogeton01.jpg, id=15, 351.3125pt x 490.83376pt>
File: Potamogeton01.jpg Graphic file (type jpg)
 <use Potamogeton01.jpg>
Package pdftex.def Info: Potamogeton01.jpg used on input line 115.
(pdftex.def)             Requested size: 227.62204pt x 318.02707pt.

Underfull \hbox (badness 10000) in paragraph at lines 117--117
[][]\OT1/cmr/m/n/10 . |\OT1/cmr/bx/n/10 Pota-moge-ton fil-i-formis; aka Stuck-e-
 []


Underfull \hbox (badness 10000) in paragraph at lines 117--117
[]\OT1/cmr/m/n/10 - Fresh-wa-ter, con-flu-ence of Sacra-mento and San
 []

<Potamogeton03.jpg, id=16, 320.7985pt x 240.4985pt>
File: Potamogeton03.jpg Graphic file (type jpg)
 <use Potamogeton03.jpg>
Package pdftex.def Info: Potamogeton03.jpg used on input line 122.
(pdftex.def)             Requested size: 227.62204pt x 170.64502pt.

Underfull \hbox (badness 10000) in paragraph at lines 124--124
[][]\OT1/cmr/m/n/10 . |\OT1/cmr/bx/n/10 Pota-moge-ton fil-i-formis; aka Stuck-e-
 []


Underfull \hbox (badness 10000) in paragraph at lines 124--124
[]\OT1/cmr/m/n/10 - Fresh-wa-ter, con-flu-ence of Sacra-mento and San
 []

<Potamogeton05.jpg, id=17, 602.25pt x 903.375pt>
File: Potamogeton05.jpg Graphic file (type jpg)
 <use Potamogeton05.jpg>
Package pdftex.def Info: Potamogeton05.jpg used on input line 129.
(pdftex.def)             Requested size: 227.62204pt x 341.43896pt.

Underfull \hbox (badness 10000) in paragraph at lines 131--131
[][]\OT1/cmr/m/n/10 . |\OT1/cmr/bx/n/10 Pota-moge-ton fil-i-formis; aka Stuck-e-
 []


Underfull \hbox (badness 10000) in paragraph at lines 131--131
[]\OT1/cmr/m/n/10 - Fresh-wa-ter, con-flu-ence of Sacra-mento and San
 []

<Sagittaria01.jpg, id=18, 602.25pt x 803.25093pt>
File: Sagittaria01.jpg Graphic file (type jpg)
 <use Sagittaria01.jpg>
Package pdftex.def Info: Sagittaria01.jpg used on input line 136.
(pdftex.def)             Requested size: 227.62204pt x 303.59613pt.

Underfull \hbox (badness 10000) in paragraph at lines 138--138
[][]\OT1/cmr/m/n/10 . |\OT1/cmr/bx/n/10 Sagit-taria lat-i-fo-lia; Broadleaf Ar-
 []


Underfull \hbox (badness 10000) in paragraph at lines 138--138
[]\OT1/cmr/m/n/10 - Fresh-wa-ter, usu-ally grow-ing in dense clumps in
 []


Underfull \hbox (badness 10000) in paragraph at lines 138--138
[]\OT1/cmr/m/n/10 - leaves with long peti-oles, ar-row-head shaped,
 []


Underfull \hbox (badness 10000) in paragraph at lines 138--138
[]\OT1/cmr/m/n/10 - White flow-ers, three petals, 3 sepals, 6+sta-mens,
 []

<Sagittaria03.jpg, id=19, 150.5625pt x 150.26137pt>
File: Sagittaria03.jpg Graphic file (type jpg)
 <use Sagittaria03.jpg>
Package pdftex.def Info: Sagittaria03.jpg used on input line 143.
(pdftex.def)             Requested size: 227.62204pt x 227.18903pt.

Underfull \hbox (badness 10000) in paragraph at lines 145--145
[][]\OT1/cmr/m/n/10 . |\OT1/cmr/bx/n/10 Sagit-taria lat-i-fo-lia; Broadleaf Ar-
 []


Underfull \hbox (badness 10000) in paragraph at lines 145--145
[]\OT1/cmr/m/n/10 - Fresh-wa-ter, usu-ally grow-ing in dense clumps in
 []


Underfull \hbox (badness 10000) in paragraph at lines 145--145
[]\OT1/cmr/m/n/10 - leaves with long peti-oles, ar-row-head shaped,
 []


Underfull \hbox (badness 10000) in paragraph at lines 145--145
[]\OT1/cmr/m/n/10 - White flow-ers, three petals, 3 sepals, 6+sta-mens,
 []

Package atveryend Info: Empty hook `BeforeClearDocument' on input line 148.
[1{/usr/local/texlive/2013/texmf-var/fonts/map/pdftex/updmap/pdftex.map} <./Triglochin01.jpg> <./Triglochin04.jpg> <./Triglochin03.jpg>] [2 <./Ruppia04.jpg> <./Ruppia02.jpg>] [3 <./Alisma01.jpg> <./Alisma02.jpg> <./Alisma03.jpg>] [4 <./Echinodorus01.jpg> <./Echinodorus02.jpg> <./Echinodorus03.jpg>] [5 <./Potamogeton01.jpg> <./Potamogeton03.jpg>] [6 <./Potamogeton05.jpg>] [7 <./Sagittaria01.jpg> <./Sagittaria03.jpg>]
Package atveryend Info: Empty hook `AfterLastShipout' on input line 148.
 (./TSWLatexianTemp_000137.aux)
Package atveryend Info: Executing hook `AtVeryEndDocument' on input line 148.
Package atveryend Info: Executing hook `AtEndAfterFileList' on input line 148.


Package rerunfilecheck Warning: File `TSWLatexianTemp_000137.out' has changed.
(rerunfilecheck)                Rerun to get outlines right
(rerunfilecheck)                or use package `bookmark'.

Package rerunfilecheck Info: Checksums for `TSWLatexianTemp_000137.out':
(rerunfilecheck)             Before: <no file>
(rerunfilecheck)             After:  D41D8CD98F00B204E9800998ECF8427E;0.

LaTeX Warning: Label(s) may have changed. Rerun to get cross-references right.

Package atveryend Info: Empty hook `AtVeryVeryEnd' on input line 148.
 ) 
Here is how much of TeX's memory you used:
 7134 strings out of 493315
 110339 string characters out of 6137904
 301730 words of memory out of 5000000
 10503 multiletter control sequences out of 15000+600000
 4294 words of font info for 16 fonts, out of 8000000 for 9000
 957 hyphenation exceptions out of 8191
 36i,9n,46p,968b,461s stack positions out of 5000i,500n,10000p,200000b,80000s
</usr/local/texlive/2013/texmf-dist/fonts/type1/public/amsfonts/cm/cmbx10.pfb></usr/local/texlive/2013/texmf-dist/fonts/type1/public/amsfonts/cm/cmr10.pfb></usr/local/texlive/2013/texmf-dist/fonts/type1/public/amsfonts/cm/cmti10.pfb>
Output written on TSWLatexianTemp_000137.pdf (7 pages, 1988685 bytes).
PDF statistics:
 86 PDF objects out of 1000 (max. 8388607)
 57 compressed objects within 1 object stream
 23 named destinations out of 1000 (max. 500000)
 81 words of extra memory for PDF output out of 10000 (max. 10000000)

